This is pdfTeXk, Version 3.141592-1.40.3 (Web2C 7.5.6) (format=latex 2008.7.2)  3 JUL 2008 01:02
entering extended mode
 %&-line parsing enabled.
**tom.dbj
(./tom.dbj
LaTeX2e <2005/12/01>
Babel <v3.8h> and hyphenation patterns for english, usenglishmax, dumylang, noh
yphenation, arabic, basque, bulgarian, coptic, welsh, czech, slovak, german, ng
erman, danish, esperanto, spanish, catalan, galician, estonian, farsi, finnish,
 french, greek, monogreek, ancientgreek, croatian, hungarian, interlingua, ibyc
us, indonesian, icelandic, italian, latin, mongolian, dutch, norsk, polish, por
tuguese, pinyin, romanian, russian, slovenian, uppersorbian, serbian, swedish, 
turkish, ukenglish, ukrainian, loaded.
(/usr/local/texlive/2007/texmf-dist/tex/latex/base/docstrip.tex
\blockLevel=\count79
\emptyLines=\count80
\processedLines=\count81
\commentsRemoved=\count82
\commentsPassed=\count83
\codeLinesPassed=\count84
\TotalprocessedLines=\count85
\TotalcommentsRemoved=\count86
\TotalcommentsPassed=\count87
\TotalcodeLinesPassed=\count88
\NumberOfFiles=\count89
\inFile=\read1
\inputcheck=\read2
\off@0=\count90
\off@1=\count91
\off@2=\count92
\off@3=\count93
\off@4=\count94
\off@5=\count95
\off@6=\count96
\off@7=\count97
\off@8=\count98
\off@9=\count99
\off@10=\count100
\off@11=\count101
\off@12=\count102
\off@13=\count103
\off@14=\count104
\off@15=\count105
\@maxfiles=\count106
\@maxoutfiles=\count107

Utility: `docstrip' 2.5d <2005/07/29>
English documentation    <1999/03/31>

**********************************************************
* This program converts documented macro-files into fast *
* loadable files by stripping off (nearly) all comments! *
**********************************************************

********************************************************
* No Configuration file found, using default settings. *
********************************************************

)

Generating file(s) ./tom.bst 
\openout0 = `./tom.bst'.


Processing file merlin.mbs (ay,nat,nm-revf,jnrlst,nmdash,nmd-3,nmand-rm,keyxyr,
blkyear,dt-beg,yr-par,yrp-x,note-yr,tit-qq,qt-s,atit-u,jxper,vnum-nr,volp-com,j
wdpg,jwdvol,num-xser,add-pub,isbn,issn,doi,edparxc,in-it,pp,ed,abr,ednx,mth-bar
e,ord,etal-it,url,url-nl,nfss,) -> tom.bst
Lines  processed: 9043
Comments removed: 3714
Comments  passed: 1
Codelines passed: 3573

 ) 
Here is how much of TeX's memory you used:
 612 strings out of 94074
 5264 string characters out of 1163008
 60500 words of memory out of 1500000
 3990 multiletter control sequences out of 10000+50000
 3640 words of font info for 14 fonts, out of 1200000 for 2000
 645 hyphenation exceptions out of 8191
 13i,0n,15p,307b,420s stack positions out of 5000i,500n,6000p,200000b,5000s

No pages of output.
